<?xml version="1.0" encoding="UTF-8"?>
<testng-results ignored="0" total="5" passed="5" failed="0" skipped="0">
  <reporter-output>
  </reporter-output>
  <suite started-at="2022-08-08T12:59:07 IST" name="Default suite" finished-at="2022-08-08T12:59:09 IST" duration-ms="1955">
    <groups>
    </groups>
    <test started-at="2022-08-08T12:59:07 IST" name="Default test" finished-at="2022-08-08T12:59:09 IST" duration-ms="1955">
      <class name="allRequests.RequestMethods">
        <test-method signature="init(java.lang.String,java.lang.String,java.lang.String,java.lang.String,java.lang.String,java.lang.String)[pri:0, instance:allRequests.RequestMethods@14555e0a]" started-at="2022-08-08T12:59:08 IST" name="init" data-provider="LibraryBooks" finished-at="2022-08-08T12:59:09 IST" duration-ms="1116" status="PASS">
          <params>
            <param index="0">
              <value>
                <![CDATA[GET]]>
              </value>
            </param>
            <param index="1">
              <value>
                <![CDATA[http://localhost:3000/]]>
              </value>
            </param>
            <param index="2">
              <value>
                <![CDATA[books]]>
              </value>
            </param>
            <param index="3">
              <value>
                <![CDATA[G-Token;ROM831ESV]]>
              </value>
            </param>
            <param index="4">
              <value>
                <![CDATA[200.0]]>
              </value>
            </param>
            <param index="5">
              <value>
                <![CDATA[NA]]>
              </value>
            </param>
          </params>
          <reporter-output>
          </reporter-output>
        </test-method> <!-- init -->
        <test-method signature="init(java.lang.String,java.lang.String,java.lang.String,java.lang.String,java.lang.String,java.lang.String)[pri:0, instance:allRequests.RequestMethods@14555e0a]" started-at="2022-08-08T12:59:09 IST" name="init" data-provider="LibraryBooks" finished-at="2022-08-08T12:59:09 IST" duration-ms="112" status="PASS">
          <params>
            <param index="0">
              <value>
                <![CDATA[POST]]>
              </value>
            </param>
            <param index="1">
              <value>
                <![CDATA[http://localhost:3000/]]>
              </value>
            </param>
            <param index="2">
              <value>
                <![CDATA[books]]>
              </value>
            </param>
            <param index="3">
              <value>
                <![CDATA[G-Token;ROM831ESV;Content-Type;application/json]]>
              </value>
            </param>
            <param index="4">
              <value>
                <![CDATA[201.0]]>
              </value>
            </param>
            <param index="5">
              <value>
                <![CDATA[{
    "title": "Learn Postman",
"author": "great Authors",
"publicationDate": "2003-04-16T00:00:00.000Z",
"isbn": "1593281056"

}]]>
              </value>
            </param>
          </params>
          <reporter-output>
          </reporter-output>
        </test-method> <!-- init -->
        <test-method signature="init(java.lang.String,java.lang.String,java.lang.String,java.lang.String,java.lang.String,java.lang.String)[pri:0, instance:allRequests.RequestMethods@14555e0a]" started-at="2022-08-08T12:59:09 IST" name="init" data-provider="LibraryBooks" finished-at="2022-08-08T12:59:09 IST" duration-ms="46" status="PASS">
          <params>
            <param index="0">
              <value>
                <![CDATA[PUT]]>
              </value>
            </param>
            <param index="1">
              <value>
                <![CDATA[http://localhost:3000/]]>
              </value>
            </param>
            <param index="2">
              <value>
                <![CDATA[books/2]]>
              </value>
            </param>
            <param index="3">
              <value>
                <![CDATA[G-Token;ROM831ESV;Authorization;Basic YWRtaW46YWRtaW4=;Content-Type;application/json]]>
              </value>
            </param>
            <param index="4">
              <value>
                <![CDATA[200.0]]>
              </value>
            </param>
            <param index="5">
              <value>
                <![CDATA[{
  "title": "Learn Postman",
  "author": "Author 2",
  "publicationDate": "2003-04-16T00:00:00.000Z",
  "isbn": "1593281056"
 
}]]>
              </value>
            </param>
          </params>
          <reporter-output>
          </reporter-output>
        </test-method> <!-- init -->
        <test-method signature="init(java.lang.String,java.lang.String,java.lang.String,java.lang.String,java.lang.String,java.lang.String)[pri:0, instance:allRequests.RequestMethods@14555e0a]" started-at="2022-08-08T12:59:09 IST" name="init" data-provider="LibraryBooks" finished-at="2022-08-08T12:59:09 IST" duration-ms="42" status="PASS">
          <params>
            <param index="0">
              <value>
                <![CDATA[PATCH]]>
              </value>
            </param>
            <param index="1">
              <value>
                <![CDATA[http://localhost:3000/]]>
              </value>
            </param>
            <param index="2">
              <value>
                <![CDATA[books/5]]>
              </value>
            </param>
            <param index="3">
              <value>
                <![CDATA[G-Token;ROM831ESV;Authorization;Basic YWRtaW46YWRtaW4=;Content-Type;application/json]]>
              </value>
            </param>
            <param index="4">
              <value>
                <![CDATA[200.0]]>
              </value>
            </param>
            <param index="5">
              <value>
                <![CDATA[{
    "title": "Learn Postmantool",
"author": "great Authors 2" }]]>
              </value>
            </param>
          </params>
          <reporter-output>
          </reporter-output>
        </test-method> <!-- init -->
        <test-method signature="init(java.lang.String,java.lang.String,java.lang.String,java.lang.String,java.lang.String,java.lang.String)[pri:0, instance:allRequests.RequestMethods@14555e0a]" started-at="2022-08-08T12:59:09 IST" name="init" data-provider="LibraryBooks" finished-at="2022-08-08T12:59:09 IST" duration-ms="75" status="PASS">
          <params>
            <param index="0">
              <value>
                <![CDATA[DELETE]]>
              </value>
            </param>
            <param index="1">
              <value>
                <![CDATA[http://localhost:3000/]]>
              </value>
            </param>
            <param index="2">
              <value>
                <![CDATA[books/3]]>
              </value>
            </param>
            <param index="3">
              <value>
                <![CDATA[G-Token;ROM831ESV;Authorization;Basic YWRtaW46YWRtaW4=;Content-Type;application/json]]>
              </value>
            </param>
            <param index="4">
              <value>
                <![CDATA[204.0]]>
              </value>
            </param>
            <param index="5">
              <value>
                <![CDATA[NA]]>
              </value>
            </param>
          </params>
          <reporter-output>
          </reporter-output>
        </test-method> <!-- init -->
      </class> <!-- allRequests.RequestMethods -->
    </test> <!-- Default test -->
  </suite> <!-- Default suite -->
</testng-results>
