<?xml version="1.0" encoding="UTF-8"?>
<!-- Generated by org.testng.reporters.JUnitXMLReporter -->
<testsuite ignored="0" hostname="INLEN8520045332" failures="0" tests="5" name="Default test" time="1.962" errors="0" timestamp="2022-08-30T10:57:20 IST">
  <testcase classname="allRequests.RequestMethods" name="init" time="1.187"/>
  <testcase classname="allRequests.RequestMethods" name="init" time="0.082"/>
  <testcase classname="allRequests.RequestMethods" name="init" time="0.055"/>
  <testcase classname="allRequests.RequestMethods" name="init" time="0.063"/>
  <testcase classname="allRequests.RequestMethods" name="init" time="0.094"/>
</testsuite> <!-- Default test -->
