<?xml version="1.0" encoding="UTF-8"?>
<!-- Generated by org.testng.reporters.JUnitXMLReporter -->
<testsuite ignored="0" hostname="INLEN8520045332" failures="0" tests="5" name="Default test" time="1.955" errors="0" timestamp="2022-08-08T12:59:09 IST">
  <testcase classname="allRequests.RequestMethods" name="init" time="1.116"/>
  <testcase classname="allRequests.RequestMethods" name="init" time="0.112"/>
  <testcase classname="allRequests.RequestMethods" name="init" time="0.046"/>
  <testcase classname="allRequests.RequestMethods" name="init" time="0.042"/>
  <testcase classname="allRequests.RequestMethods" name="init" time="0.075"/>
</testsuite> <!-- Default test -->
